<?xml version="1.0" encoding="UTF-8"?>
<!-- Generated by org.testng.reporters.JUnitXMLReporter -->
<testsuite ignored="0" hostname="LAPTOP-4NMHDRLO" failures="1" tests="3" name="Methods" time="57.716" errors="0" timestamp="2022-10-13T11:10:21 IST">
  <testcase classname="Com.Orange.qa.TestCases.HomePageTest" name="EmployeeName" time="14.261"/>
  <testcase classname="Com.Orange.qa.TestCases.LoginPageTest" name="getHomeScreenTitle" time="5.085">
    <failure type="java.lang.NullPointerException" message="Cannot invoke &amp;quot;org.openqa.selenium.WebDriver.getTitle()&amp;quot; because &amp;quot;this.driver&amp;quot; is null">
      <![CDATA[java.lang.NullPointerException: Cannot invoke "org.openqa.selenium.WebDriver.getTitle()" because "this.driver" is null
at Com.Orange.qa.Pages.OrangeHRMLoginPage.validatePagetitle(OrangeHRMLoginPage.java:56)
at Com.Orange.qa.TestCases.LoginPageTest.getHomeScreenTitle(LoginPageTest.java:44)
at java.base/java.util.ArrayList.forEach(ArrayList.java:1511)
... Removed 25 stack frames]]>
    </failure>
  </testcase> <!-- getHomeScreenTitle -->
  <testcase classname="Com.Orange.qa.TestCases.LoginPageTest" name="sendOrangeHRMusername" time="9.488"/>
</testsuite> <!-- Methods -->
