<?xml version="1.0" encoding="UTF-8"?>
<testng-results ignored="0" total="3" passed="2" failed="1" skipped="0">
  <reporter-output>
  </reporter-output>
  <suite started-at="2022-10-13T13:08:09 IST" name="Suite" finished-at="2022-10-13T13:09:11 IST" duration-ms="62171">
    <groups>
    </groups>
    <test started-at="2022-10-13T13:08:09 IST" name="Test" finished-at="2022-10-13T13:09:11 IST" duration-ms="62171">
      <class name="Com.Orange.qa.TestCases.HomePageTest">
        <test-method is-config="true" signature="Setup()[pri:0, instance:Com.Orange.qa.TestCases.HomePageTest@31ea9581]" started-at="2022-10-13T13:08:09 IST" name="Setup" finished-at="2022-10-13T13:08:18 IST" duration-ms="9096" status="PASS">
          <reporter-output>
          </reporter-output>
        </test-method> <!-- Setup -->
        <test-method signature="EmployeeName()[pri:0, instance:Com.Orange.qa.TestCases.HomePageTest@31ea9581]" started-at="2022-10-13T13:08:18 IST" name="EmployeeName" finished-at="2022-10-13T13:08:31 IST" duration-ms="13800" status="PASS">
          <reporter-output>
          </reporter-output>
        </test-method> <!-- EmployeeName -->
        <test-method is-config="true" signature="TearDown()[pri:0, instance:Com.Orange.qa.TestCases.HomePageTest@31ea9581]" started-at="2022-10-13T13:08:31 IST" name="TearDown" finished-at="2022-10-13T13:08:32 IST" duration-ms="257" status="PASS">
          <reporter-output>
          </reporter-output>
        </test-method> <!-- TearDown -->
      </class> <!-- Com.Orange.qa.TestCases.HomePageTest -->
      <class name="Com.Orange.qa.TestCases.LoginPageTest">
        <test-method is-config="true" signature="Setup()[pri:0, instance:Com.Orange.qa.TestCases.LoginPageTest@52f27fbd]" started-at="2022-10-13T13:08:32 IST" name="Setup" finished-at="2022-10-13T13:08:40 IST" duration-ms="8008" status="PASS">
          <reporter-output>
          </reporter-output>
        </test-method> <!-- Setup -->
        <test-method signature="getHomeScreenTitle()[pri:0, instance:Com.Orange.qa.TestCases.LoginPageTest@52f27fbd]" started-at="2022-10-13T13:08:40 IST" name="getHomeScreenTitle" finished-at="2022-10-13T13:08:45 IST" duration-ms="4954" status="FAIL">
          <exception class="java.lang.NullPointerException">
            <message>
              <![CDATA[Cannot invoke "org.openqa.selenium.WebDriver.getTitle()" because "this.driver" is null]]>
            </message>
            <full-stacktrace>
              <![CDATA[java.lang.NullPointerException: Cannot invoke "org.openqa.selenium.WebDriver.getTitle()" because "this.driver" is null
at Com.Orange.qa.Pages.OrangeHRMLoginPage.validatePagetitle(OrangeHRMLoginPage.java:56)
at Com.Orange.qa.TestCases.LoginPageTest.getHomeScreenTitle(LoginPageTest.java:44)
at java.base/jdk.internal.reflect.DirectMethodHandleAccessor.invoke(DirectMethodHandleAccessor.java:104)
at java.base/java.lang.reflect.Method.invoke(Method.java:577)
at org.testng.internal.MethodInvocationHelper.invokeMethod(MethodInvocationHelper.java:133)
at org.testng.internal.TestInvoker.invokeMethod(TestInvoker.java:598)
at org.testng.internal.TestInvoker.invokeTestMethod(TestInvoker.java:173)
at org.testng.internal.MethodRunner.runInSequence(MethodRunner.java:46)
at org.testng.internal.TestInvoker$MethodInvocationAgent.invoke(TestInvoker.java:824)
at org.testng.internal.TestInvoker.invokeTestMethods(TestInvoker.java:146)
at org.testng.internal.TestMethodWorker.invokeTestMethods(TestMethodWorker.java:146)
at org.testng.internal.TestMethodWorker.run(TestMethodWorker.java:128)
at java.base/java.util.ArrayList.forEach(ArrayList.java:1511)
at org.testng.TestRunner.privateRun(TestRunner.java:794)
at org.testng.TestRunner.run(TestRunner.java:596)
at org.testng.SuiteRunner.runTest(SuiteRunner.java:377)
at org.testng.SuiteRunner.runSequentially(SuiteRunner.java:371)
at org.testng.SuiteRunner.privateRun(SuiteRunner.java:332)
at org.testng.SuiteRunner.run(SuiteRunner.java:276)
at org.testng.SuiteRunnerWorker.runSuite(SuiteRunnerWorker.java:53)
at org.testng.SuiteRunnerWorker.run(SuiteRunnerWorker.java:96)
at org.testng.TestNG.runSuitesSequentially(TestNG.java:1212)
at org.testng.TestNG.runSuitesLocally(TestNG.java:1134)
at org.testng.TestNG.runSuites(TestNG.java:1063)
at org.testng.TestNG.run(TestNG.java:1031)
at org.testng.remote.AbstractRemoteTestNG.run(AbstractRemoteTestNG.java:115)
at org.testng.remote.RemoteTestNG.initAndRun(RemoteTestNG.java:251)
at org.testng.remote.RemoteTestNG.main(RemoteTestNG.java:77)
]]>
            </full-stacktrace>
          </exception> <!-- java.lang.NullPointerException -->
          <reporter-output>
          </reporter-output>
        </test-method> <!-- getHomeScreenTitle -->
        <test-method is-config="true" signature="TearDown()[pri:0, instance:Com.Orange.qa.TestCases.LoginPageTest@52f27fbd]" started-at="2022-10-13T13:08:49 IST" name="TearDown" finished-at="2022-10-13T13:08:49 IST" duration-ms="262" status="PASS">
          <reporter-output>
          </reporter-output>
        </test-method> <!-- TearDown -->
        <test-method is-config="true" signature="Setup()[pri:0, instance:Com.Orange.qa.TestCases.LoginPageTest@52f27fbd]" started-at="2022-10-13T13:08:49 IST" name="Setup" finished-at="2022-10-13T13:09:01 IST" duration-ms="11927" status="PASS">
          <reporter-output>
          </reporter-output>
        </test-method> <!-- Setup -->
        <test-method signature="sendOrangeHRMusername()[pri:0, instance:Com.Orange.qa.TestCases.LoginPageTest@52f27fbd]" started-at="2022-10-13T13:09:01 IST" name="sendOrangeHRMusername" finished-at="2022-10-13T13:09:10 IST" duration-ms="9287" status="PASS">
          <reporter-output>
          </reporter-output>
        </test-method> <!-- sendOrangeHRMusername -->
        <test-method is-config="true" signature="TearDown()[pri:0, instance:Com.Orange.qa.TestCases.LoginPageTest@52f27fbd]" started-at="2022-10-13T13:09:10 IST" name="TearDown" finished-at="2022-10-13T13:09:11 IST" duration-ms="260" status="PASS">
          <reporter-output>
          </reporter-output>
        </test-method> <!-- TearDown -->
      </class> <!-- Com.Orange.qa.TestCases.LoginPageTest -->
    </test> <!-- Test -->
  </suite> <!-- Suite -->
</testng-results>
